<?xml version="1.0" encoding="UTF-8"?>
<!-- Generated by org.testng.reporters.JUnitReportReporter -->
<testsuite hostname="LBNL700609" name="jenkinsDemo.SampleJenkin" tests="2" failures="0" timestamp="15 Mar 2018 15:08:24 GMT" time="15.469" errors="0">
  <testcase name="selectLink" time="4.852" classname="jenkinsDemo.SampleJenkin"/>
  <testcase name="openWebsite" time="10.617" classname="jenkinsDemo.SampleJenkin"/>
</testsuite> <!-- jenkinsDemo.SampleJenkin -->
