<?xml version="1.0" encoding="UTF-8"?>
<!-- Generated by org.testng.reporters.JUnitReportReporter -->
<testsuite hostname="LBNL700609" name="jenkinsDemo.SampleJenkin" tests="2" failures="0" timestamp="15 Mar 2018 15:34:10 GMT" time="16.193" errors="0">
  <testcase name="openWebsite" time="11.122" classname="jenkinsDemo.SampleJenkin"/>
  <testcase name="selectLink" time="5.071" classname="jenkinsDemo.SampleJenkin"/>
</testsuite> <!-- jenkinsDemo.SampleJenkin -->
