<?xml version="1.0" encoding="UTF-8"?>
<!-- Generated by org.testng.reporters.JUnitReportReporter -->
<testsuite hostname="LBNL700609" name="jenkinsDemo.Sequence" tests="2" failures="0" timestamp="19 Mar 2018 14:20:15 GMT" time="0.009" errors="0">
  <testcase name="testCase2" time="0.002" classname="jenkinsDemo.Sequence"/>
  <testcase name="testCase1" time="0.007" classname="jenkinsDemo.Sequence"/>
</testsuite> <!-- jenkinsDemo.Sequence -->
