<?xml version="1.0" encoding="UTF-8"?>
<!-- Generated by org.testng.reporters.JUnitReportReporter -->
<testsuite hostname="LBNL700609" name="jenkinsDemo.SampleJenkin" tests="2" failures="0" timestamp="20 Mar 2018 12:47:20 GMT" time="15.154" errors="0">
  <testcase name="openWebsite" time="10.225" classname="jenkinsDemo.SampleJenkin"/>
  <testcase name="selectLink" time="4.929" classname="jenkinsDemo.SampleJenkin"/>
</testsuite> <!-- jenkinsDemo.SampleJenkin -->
